
Jupyter server is running on: c38-09
Job starts at: Sat Dec  7 14:13:56 EST 2019

Step 1 :

If you are working in NYU campus, please open an iTerm window, run command

ssh -L 43592:localhost:43592 pmh330@prince.hpc.nyu.edu

If you are working off campus, you should already have ssh tunneling setup through HPC bastion host, 
that you can directly login to prince with command

ssh pmh330@prince

Please open an iTerm window, run command

ssh -L 43592:localhost:43592 pmh330@prince

Step 2:

Keep the iTerm windows in the previouse step open. Now open browser, find the line with

The Jupyter Notebook is running at: c38-09

the URL is something: http://localhost:43592/?token=XXXXXXXX (see your token below)

you should be able to connect to jupyter notebook running remotly on prince compute node with above url

[I 14:13:57.372 NotebookApp] Writing notebook server cookie secret to /state/partition1/job-6061552/jupyter/notebook_cookie_secret
[W 14:13:58.074 NotebookApp] Widgets are unavailable. Please install widgetsnbextension or ipywidgets 4.0
[I 14:13:58.096 NotebookApp] Serving notebooks from local directory: /scratch/pmh330/jiant
[I 14:13:58.096 NotebookApp] 0 active kernels 
[I 14:13:58.096 NotebookApp] The Jupyter Notebook is running at: http://localhost:43592/?token=8afc64b15058025187366890057af1d3d3c3301e7510901e
[I 14:13:58.096 NotebookApp] Use Control-C to stop this server and shut down all kernels (twice to skip confirmation).
[C 14:13:58.096 NotebookApp] 
    
    Copy/paste this URL into your browser when you connect for the first time,
    to login with a token:
        http://localhost:43592/?token=8afc64b15058025187366890057af1d3d3c3301e7510901e
slurmstepd: error: *** JOB 6061552 ON c38-09 CANCELLED AT 2019-12-08T02:14:01 DUE TO TIME LIMIT ***
